2026-06-13 03:14:09,156 - [CRITICAL] - (fusiond) - Falha crítica ao iniciar o daemon: Configuration validation failed:
1 validation error for AuraConfig
sensors
  Value error, Unknown sensors in enabled list: {'process'} [type=value_error, input_value={'enabled': ['filesystem'...ext': {'enabled': True}}, input_type=dict]
    For further information visit https://errors.pydantic.dev/2.13/v/value_error
Traceback (most recent call last):
  File "/home/med4to/ProjectAuraOS/fusion/aura_fusion/config.py", line 181, in load_config
    config = AuraConfig.model_validate(raw)
  File "/home/med4to/ProjectAuraOS/fusion/.venv/lib/python3.14/site-packages/pydantic/main.py", line 732, in model_validate
    return cls.__pydantic_validator__.validate_python(
           ~~~~~~~~~~~~~~~~~~~~~~~~~~~~~~~~~~~~~~~~~~^
        obj,
        ^^^^
    ...<5 lines>...
        by_name=by_name,
        ^^^^^^^^^^^^^^^^
    )
    ^
pydantic_core._pydantic_core.ValidationError: 1 validation error for AuraConfig
sensors
  Value error, Unknown sensors in enabled list: {'process'} [type=value_error, input_value={'enabled': ['filesystem'...ext': {'enabled': True}}, input_type=dict]
    For further information visit https://errors.pydantic.dev/2.13/v/value_error

The above exception was the direct cause of the following exception:

Traceback (most recent call last):
  File "/home/med4to/ProjectAuraOS/fusion/aura_fusion/fusiond.py", line 65, in main
    config = load_config(path=config_file)
  File "/home/med4to/ProjectAuraOS/fusion/aura_fusion/config.py", line 183, in load_config
    raise ValueError(f"Configuration validation failed:\n{e}") from e
ValueError: Configuration validation failed:
1 validation error for AuraConfig
sensors
  Value error, Unknown sensors in enabled list: {'process'} [type=value_error, input_value={'enabled': ['filesystem'...ext': {'enabled': True}}, input_type=dict]
    For further information visit https://errors.pydantic.dev/2.13/v/value_error
